<?xml version="1.0" encoding="UTF-8"?>
<!-- Generated by org.testng.reporters.JUnitXMLReporter -->
<testsuite ignored="4" hostname="CON0006" failures="0" tests="61" name="Command line test" time="24.15" errors="0" timestamp="2020-11-03T10:59:30 BRT">
  <testcase classname="com.nitaicharan.udemy_restapiawrestantn1.loggingexmple.RequestLoggingExempleTest" name="testMethod" time="2.083"/>
  <testcase classname="com.nitaicharan.udemy_restapiawrestantn1.loggingexmple.RequestLoggingExempleTest" name="keyNotNull" time="0.001"/>
  <testcase classname="com.nitaicharan.udemy_restapiawrestantn1.loggingexmple.RequestLoggingExempleTest" name="deleteTweet" time="0.485"/>
  <testcase classname="com.nitaicharan.udemy_restapiawrestantn1.loggingexmple.ResponseLoggingExempleTest" name="keyNotNull" time="0.001"/>
  <testcase classname="com.nitaicharan.udemy_restapiawrestantn1.loggingexmple.ResponseLoggingExempleTest" name="testMethod" time="0.509"/>
  <testcase classname="com.nitaicharan.udemy_restapiawrestantn1.loggingexmple.ResponseLoggingExempleTest" name="deleteTweet" time="0.452"/>
  <testcase classname="com.nitaicharan.udemy_restapiawrestantn1.basic.GetRequestTest" name="keyNotNull" time="0.0"/>
  <testcase classname="com.nitaicharan.udemy_restapiawrestantn1.basic.GetRequestTest" name="statusCodeVerification" time="0.818"/>
  <testcase classname="com.nitaicharan.udemy_restapiawrestantn1.basic.ValidateResponseTest" name="keyNotNull" time="0.0"/>
  <testcase classname="com.nitaicharan.udemy_restapiawrestantn1.basic.ValidateResponseTest" name="statusCodeVerification" time="0.691"/>
  <testcase classname="com.nitaicharan.udemy_restapiawrestantn1.basic.PostRequestTest" name="keyNotNull" time="0.0"/>
  <testcase classname="com.nitaicharan.udemy_restapiawrestantn1.usefultricks.TwitterCheckResponseTimeTest" name="keyNotNull" time="0.0"/>
  <testcase classname="com.nitaicharan.udemy_restapiawrestantn1.usefultricks.TwitterCheckResponseTimeTest" name="tweet1" time="0.509"/>
  <testcase classname="com.nitaicharan.udemy_restapiawrestantn1.usefultricks.TwitterCheckResponseTimeTest" name="tweet2" time="0.548"/>
  <testcase classname="com.nitaicharan.udemy_restapiawrestantn1.usefultricks.TwitterCheckResponseTimeTest" name="readTweet" time="0.595"/>
  <testcase classname="com.nitaicharan.udemy_restapiawrestantn1.usefultricks.TwitterCheckResponseTimeTest" name="deleteTweet1" time="0.492"/>
  <testcase classname="com.nitaicharan.udemy_restapiawrestantn1.usefultricks.TwitterCheckResponseTimeTest" name="deleteTweet2" time="0.446"/>
  <testcase classname="com.nitaicharan.udemy_restapiawrestantn1.usefultricks.TwitterRootPathExampleTest" name="keyNotNull" time="0.0"/>
  <testcase classname="com.nitaicharan.udemy_restapiawrestantn1.usefultricks.TwitterRootPathExampleTest" name="tweet1" time="0.511"/>
  <testcase classname="com.nitaicharan.udemy_restapiawrestantn1.usefultricks.TwitterRootPathExampleTest" name="tweet2" time="0.515"/>
  <testcase classname="com.nitaicharan.udemy_restapiawrestantn1.usefultricks.TwitterRootPathExampleTest" name="readTweet" time="0.494"/>
  <testcase classname="com.nitaicharan.udemy_restapiawrestantn1.usefultricks.TwitterRootPathExampleTest" name="deleteTweet1" time="0.45"/>
  <testcase classname="com.nitaicharan.udemy_restapiawrestantn1.usefultricks.TwitterRootPathExampleTest" name="deleteTweet2" time="0.466"/>
  <testcase classname="com.nitaicharan.udemy_restapiawrestantn1.specs.SpecificationWhithTimeTest" name="keyNotNull" time="0.0"/>
  <testcase classname="com.nitaicharan.udemy_restapiawrestantn1.specs.SpecificationWhithTimeTest" name="tweet1" time="0.499"/>
  <testcase classname="com.nitaicharan.udemy_restapiawrestantn1.specs.SpecificationWhithTimeTest" name="tweet2" time="0.478"/>
  <testcase classname="com.nitaicharan.udemy_restapiawrestantn1.specs.SpecificationWhithTimeTest" name="readTweet" time="0.477"/>
  <testcase classname="com.nitaicharan.udemy_restapiawrestantn1.specs.SpecificationWhithTimeTest" name="deleteTweet1" time="0.52"/>
  <testcase classname="com.nitaicharan.udemy_restapiawrestantn1.specs.SpecificationWhithTimeTest" name="deleteTweet2" time="0.448"/>
  <testcase classname="com.nitaicharan.udemy_restapiawrestantn1.specs.RequestSpecificationDemoTest" name="keyNotNull" time="0.0"/>
  <testcase classname="com.nitaicharan.udemy_restapiawrestantn1.specs.RequestSpecificationDemoTest" name="readTweet" time="0.459"/>
  <testcase classname="com.nitaicharan.udemy_restapiawrestantn1.specs.ResponseSpecificationDemoTest" name="keyNotNull" time="0.0"/>
  <testcase classname="com.nitaicharan.udemy_restapiawrestantn1.specs.ResponseSpecificationDemoTest" name="tweet1" time="0.478"/>
  <testcase classname="com.nitaicharan.udemy_restapiawrestantn1.specs.ResponseSpecificationDemoTest" name="tweet2" time="0.512"/>
  <testcase classname="com.nitaicharan.udemy_restapiawrestantn1.specs.ResponseSpecificationDemoTest" name="readTweet" time="0.454"/>
  <testcase classname="com.nitaicharan.udemy_restapiawrestantn1.specs.ResponseSpecificationDemoTest" name="deleteTweet1" time="0.463"/>
  <testcase classname="com.nitaicharan.udemy_restapiawrestantn1.specs.ResponseSpecificationDemoTest" name="deleteTweet2" time="0.493"/>
  <testcase classname="com.nitaicharan.udemy_restapiawrestantn1.twitterapiexemple.TwitterEndToEndWorkflowTest" name="keyNotNull" time="0.001"/>
  <testcase classname="com.nitaicharan.udemy_restapiawrestantn1.twitterapiexemple.TwitterEndToEndWorkflowTest" name="postTweet" time="0.507"/>
  <testcase classname="com.nitaicharan.udemy_restapiawrestantn1.twitterapiexemple.TwitterEndToEndWorkflowTest" name="readTweet" time="0.455"/>
  <testcase classname="com.nitaicharan.udemy_restapiawrestantn1.twitterapiexemple.TwitterEndToEndWorkflowTest" name="deleteTweet" time="0.451"/>
  <testcase classname="com.nitaicharan.udemy_restapiawrestantn1.twitterapiexemple.TwitterGETRequestTest" name="keyNotNull" time="0.0"/>
  <testcase classname="com.nitaicharan.udemy_restapiawrestantn1.twitterapiexemple.TwitterGETRequestTest" name="postTweet" time="0.51"/>
  <testcase classname="com.nitaicharan.udemy_restapiawrestantn1.twitterapiexemple.TwitterGETRequestTest" name="readTweet" time="0.464"/>
  <testcase classname="com.nitaicharan.udemy_restapiawrestantn1.twitterapiexemple.TwitterGETRequestTest" name="deleteTweet" time="0.59"/>
  <testcase classname="com.nitaicharan.udemy_restapiawrestantn1.twitterapiexemple.TwitterPOSTRequestTest" name="keyNotNull" time="0.0"/>
  <testcase classname="com.nitaicharan.udemy_restapiawrestantn1.twitterapiexemple.TwitterExtractResponsetTest" name="keyNotNull" time="0.0"/>
  <testcase classname="com.nitaicharan.udemy_restapiawrestantn1.extractresponse.GoogleExtractResponseTest" name="extractResponse" time="0.365"/>
  <testcase classname="com.nitaicharan.udemy_restapiawrestantn1.extractresponse.GoogleExtractResponseTest" name="keyNotNull" time="0.001"/>
  <testcase classname="com.nitaicharan.udemy_restapiawrestantn1.assertexamples.TwitterSoftAssertExampleTest" name="keyNotNull" time="0.0"/>
  <testcase classname="com.nitaicharan.udemy_restapiawrestantn1.assertexamples.TwitterSoftAssertExampleTest" name="tweet1" time="0.505"/>
  <testcase classname="com.nitaicharan.udemy_restapiawrestantn1.assertexamples.TwitterSoftAssertExampleTest" name="tweet2" time="0.508"/>
  <testcase classname="com.nitaicharan.udemy_restapiawrestantn1.assertexamples.TwitterSoftAssertExampleTest" name="readTweet" time="0.475"/>
  <testcase classname="com.nitaicharan.udemy_restapiawrestantn1.assertexamples.TwitterSoftAssertExampleTest" name="deleteTweet1" time="0.525"/>
  <testcase classname="com.nitaicharan.udemy_restapiawrestantn1.assertexamples.TwitterSoftAssertExampleTest" name="deleteTweet2" time="0.483"/>
  <testcase classname="com.nitaicharan.udemy_restapiawrestantn1.assertexamples.TwitterHardAssertExampleTest" name="keyNotNull" time="0.0"/>
  <testcase classname="com.nitaicharan.udemy_restapiawrestantn1.assertexamples.TwitterHardAssertExampleTest" name="tweet1" time="0.526"/>
  <testcase classname="com.nitaicharan.udemy_restapiawrestantn1.assertexamples.TwitterHardAssertExampleTest" name="tweet2" time="0.533"/>
  <testcase classname="com.nitaicharan.udemy_restapiawrestantn1.assertexamples.TwitterHardAssertExampleTest" name="readTweet" time="0.499"/>
  <testcase classname="com.nitaicharan.udemy_restapiawrestantn1.assertexamples.TwitterHardAssertExampleTest" name="deleteTweet1" time="0.454"/>
  <testcase classname="com.nitaicharan.udemy_restapiawrestantn1.assertexamples.TwitterHardAssertExampleTest" name="deleteTweet2" time="0.436"/>
  <testcase classname="com.nitaicharan.udemy_restapiawrestantn1.twitterapiexemple.TwitterPOSTRequestTest" name="statusCodeVerification" time="0.0">
    <ignored/>
  </testcase> <!-- statusCodeVerification -->
  <testcase classname="com.nitaicharan.udemy_restapiawrestantn1.twitterapiexemple.TwitterExtractResponsetTest" name="extractResponse" time="0.0">
    <ignored/>
  </testcase> <!-- extractResponse -->
  <testcase classname="com.nitaicharan.udemy_restapiawrestantn1.basic.PostRequestTest" name="statusCodeVerification" time="0.0">
    <ignored/>
  </testcase> <!-- statusCodeVerification -->
  <testcase classname="com.nitaicharan.udemy_restapiawrestantn1.basic.GetRequestTest" name="getRespondeBody" time="0.0">
    <ignored/>
  </testcase> <!-- getRespondeBody -->
</testsuite> <!-- Command line test -->
