<?xml version="1.0" encoding="UTF-8" ?>
<testsuite tests="61" failures="0" name="TestSuite" time="23.635" errors="0" skipped="0">
  <properties>
[...]
</properties>
  <testcase classname="com.nitaicharan.udemy_restapiawrestantn1.loggingexmple.RequestLoggingExempleTest" name="testMethod" time="2.085"/>
  <testcase classname="com.nitaicharan.udemy_restapiawrestantn1.loggingexmple.RequestLoggingExempleTest" name="keyNotNull" time="0"/>
  <testcase classname="com.nitaicharan.udemy_restapiawrestantn1.loggingexmple.RequestLoggingExempleTest" name="deleteTweet" time="0.485"/>
  <testcase classname="com.nitaicharan.udemy_restapiawrestantn1.loggingexmple.ResponseLoggingExempleTest" name="keyNotNull" time="0"/>
  <testcase classname="com.nitaicharan.udemy_restapiawrestantn1.loggingexmple.ResponseLoggingExempleTest" name="testMethod" time="0.509"/>
  <testcase classname="com.nitaicharan.udemy_restapiawrestantn1.loggingexmple.ResponseLoggingExempleTest" name="deleteTweet" time="0.453"/>
  <testcase classname="com.nitaicharan.udemy_restapiawrestantn1.basic.GetRequestTest" name="keyNotNull" time="0"/>
  <testcase classname="com.nitaicharan.udemy_restapiawrestantn1.basic.GetRequestTest" name="statusCodeVerification" time="0.818"/>
  <testcase classname="com.nitaicharan.udemy_restapiawrestantn1.basic.ValidateResponseTest" name="keyNotNull" time="0"/>
  <testcase classname="com.nitaicharan.udemy_restapiawrestantn1.basic.ValidateResponseTest" name="statusCodeVerification" time="0.691"/>
  <testcase classname="com.nitaicharan.udemy_restapiawrestantn1.basic.PostRequestTest" name="keyNotNull" time="0"/>
  <testcase classname="com.nitaicharan.udemy_restapiawrestantn1.usefultricks.TwitterCheckResponseTimeTest" name="keyNotNull" time="0"/>
  <testcase classname="com.nitaicharan.udemy_restapiawrestantn1.usefultricks.TwitterCheckResponseTimeTest" name="tweet1" time="0.509"/>
  <testcase classname="com.nitaicharan.udemy_restapiawrestantn1.usefultricks.TwitterCheckResponseTimeTest" name="tweet2" time="0.548"/>
  <testcase classname="com.nitaicharan.udemy_restapiawrestantn1.usefultricks.TwitterCheckResponseTimeTest" name="readTweet" time="0.595"/>
  <testcase classname="com.nitaicharan.udemy_restapiawrestantn1.usefultricks.TwitterCheckResponseTimeTest" name="deleteTweet1" time="0.492"/>
  <testcase classname="com.nitaicharan.udemy_restapiawrestantn1.usefultricks.TwitterCheckResponseTimeTest" name="deleteTweet2" time="0.446"/>
  <testcase classname="com.nitaicharan.udemy_restapiawrestantn1.usefultricks.TwitterRootPathExampleTest" name="keyNotNull" time="0"/>
  <testcase classname="com.nitaicharan.udemy_restapiawrestantn1.usefultricks.TwitterRootPathExampleTest" name="tweet1" time="0.511"/>
  <testcase classname="com.nitaicharan.udemy_restapiawrestantn1.usefultricks.TwitterRootPathExampleTest" name="tweet2" time="0.515"/>
  <testcase classname="com.nitaicharan.udemy_restapiawrestantn1.usefultricks.TwitterRootPathExampleTest" name="readTweet" time="0.494"/>
  <testcase classname="com.nitaicharan.udemy_restapiawrestantn1.usefultricks.TwitterRootPathExampleTest" name="deleteTweet1" time="0.449"/>
  <testcase classname="com.nitaicharan.udemy_restapiawrestantn1.usefultricks.TwitterRootPathExampleTest" name="deleteTweet2" time="0.467"/>
  <testcase classname="com.nitaicharan.udemy_restapiawrestantn1.specs.SpecificationWhithTimeTest" name="keyNotNull" time="0"/>
  <testcase classname="com.nitaicharan.udemy_restapiawrestantn1.specs.SpecificationWhithTimeTest" name="tweet1" time="0.5"/>
  <testcase classname="com.nitaicharan.udemy_restapiawrestantn1.specs.SpecificationWhithTimeTest" name="tweet2" time="0.478"/>
  <testcase classname="com.nitaicharan.udemy_restapiawrestantn1.specs.SpecificationWhithTimeTest" name="readTweet" time="0.478"/>
  <testcase classname="com.nitaicharan.udemy_restapiawrestantn1.specs.SpecificationWhithTimeTest" name="deleteTweet1" time="0.521"/>
  <testcase classname="com.nitaicharan.udemy_restapiawrestantn1.specs.SpecificationWhithTimeTest" name="deleteTweet2" time="0.448"/>
  <testcase classname="com.nitaicharan.udemy_restapiawrestantn1.specs.RequestSpecificationDemoTest" name="keyNotNull" time="0"/>
  <testcase classname="com.nitaicharan.udemy_restapiawrestantn1.specs.RequestSpecificationDemoTest" name="readTweet" time="0.459"/>
  <testcase classname="com.nitaicharan.udemy_restapiawrestantn1.specs.ResponseSpecificationDemoTest" name="keyNotNull" time="0"/>
  <testcase classname="com.nitaicharan.udemy_restapiawrestantn1.specs.ResponseSpecificationDemoTest" name="tweet1" time="0.478"/>
  <testcase classname="com.nitaicharan.udemy_restapiawrestantn1.specs.ResponseSpecificationDemoTest" name="tweet2" time="0.513"/>
  <testcase classname="com.nitaicharan.udemy_restapiawrestantn1.specs.ResponseSpecificationDemoTest" name="readTweet" time="0.454"/>
  <testcase classname="com.nitaicharan.udemy_restapiawrestantn1.specs.ResponseSpecificationDemoTest" name="deleteTweet1" time="0.463"/>
  <testcase classname="com.nitaicharan.udemy_restapiawrestantn1.specs.ResponseSpecificationDemoTest" name="deleteTweet2" time="0.493"/>
  <testcase classname="com.nitaicharan.udemy_restapiawrestantn1.twitterapiexemple.TwitterEndToEndWorkflowTest" name="keyNotNull" time="0"/>
  <testcase classname="com.nitaicharan.udemy_restapiawrestantn1.twitterapiexemple.TwitterEndToEndWorkflowTest" name="postTweet" time="0.507"/>
  <testcase classname="com.nitaicharan.udemy_restapiawrestantn1.twitterapiexemple.TwitterEndToEndWorkflowTest" name="readTweet" time="0.454"/>
  <testcase classname="com.nitaicharan.udemy_restapiawrestantn1.twitterapiexemple.TwitterEndToEndWorkflowTest" name="deleteTweet" time="0.45"/>
  <testcase classname="com.nitaicharan.udemy_restapiawrestantn1.twitterapiexemple.TwitterGETRequestTest" name="keyNotNull" time="0"/>
  <testcase classname="com.nitaicharan.udemy_restapiawrestantn1.twitterapiexemple.TwitterGETRequestTest" name="postTweet" time="0.51"/>
  <testcase classname="com.nitaicharan.udemy_restapiawrestantn1.twitterapiexemple.TwitterGETRequestTest" name="readTweet" time="0.464"/>
  <testcase classname="com.nitaicharan.udemy_restapiawrestantn1.twitterapiexemple.TwitterGETRequestTest" name="deleteTweet" time="0.591"/>
  <testcase classname="com.nitaicharan.udemy_restapiawrestantn1.twitterapiexemple.TwitterPOSTRequestTest" name="keyNotNull" time="0"/>
  <testcase classname="com.nitaicharan.udemy_restapiawrestantn1.twitterapiexemple.TwitterExtractResponsetTest" name="keyNotNull" time="0"/>
  <testcase classname="com.nitaicharan.udemy_restapiawrestantn1.extractresponse.GoogleExtractResponseTest" name="extractResponse" time="0.365"/>
  <testcase classname="com.nitaicharan.udemy_restapiawrestantn1.extractresponse.GoogleExtractResponseTest" name="keyNotNull" time="0"/>
  <testcase classname="com.nitaicharan.udemy_restapiawrestantn1.assertexamples.TwitterSoftAssertExampleTest" name="keyNotNull" time="0"/>
  <testcase classname="com.nitaicharan.udemy_restapiawrestantn1.assertexamples.TwitterSoftAssertExampleTest" name="tweet1" time="0.504"/>
  <testcase classname="com.nitaicharan.udemy_restapiawrestantn1.assertexamples.TwitterSoftAssertExampleTest" name="tweet2" time="0.508"/>
  <testcase classname="com.nitaicharan.udemy_restapiawrestantn1.assertexamples.TwitterSoftAssertExampleTest" name="readTweet" time="0.474"/>
  <testcase classname="com.nitaicharan.udemy_restapiawrestantn1.assertexamples.TwitterSoftAssertExampleTest" name="deleteTweet1" time="0.525"/>
  <testcase classname="com.nitaicharan.udemy_restapiawrestantn1.assertexamples.TwitterSoftAssertExampleTest" name="deleteTweet2" time="0.483"/>
  <testcase classname="com.nitaicharan.udemy_restapiawrestantn1.assertexamples.TwitterHardAssertExampleTest" name="keyNotNull" time="0"/>
  <testcase classname="com.nitaicharan.udemy_restapiawrestantn1.assertexamples.TwitterHardAssertExampleTest" name="tweet1" time="0.526"/>
  <testcase classname="com.nitaicharan.udemy_restapiawrestantn1.assertexamples.TwitterHardAssertExampleTest" name="tweet2" time="0.534"/>
  <testcase classname="com.nitaicharan.udemy_restapiawrestantn1.assertexamples.TwitterHardAssertExampleTest" name="readTweet" time="0.499"/>
  <testcase classname="com.nitaicharan.udemy_restapiawrestantn1.assertexamples.TwitterHardAssertExampleTest" name="deleteTweet1" time="0.454"/>
  <testcase classname="com.nitaicharan.udemy_restapiawrestantn1.assertexamples.TwitterHardAssertExampleTest" name="deleteTweet2" time="0.435"/>
</testsuite>